Reading netlist file: "D:\Gowin\microarchitecturesingle\impl\gwsynthesis\microarchitecturesingle.vg"
Parsing netlist file "D:\Gowin\microarchitecturesingle\impl\gwsynthesis\microarchitecturesingle.vg" completed
Processing netlist completed
Reading constraint file: "D:\Gowin\microarchitecturesingle\src\microarchitecturesingle.cst"
Physical Constraint parsed completed
Running placement......
[10%] Placement Phase 0 completed
[20%] Placement Phase 1 completed
[30%] Placement Phase 2 completed
[50%] Placement Phase 3 completed
Running routing......
[60%] Routing Phase 0 completed
[70%] Routing Phase 1 completed
[80%] Routing Phase 2 completed
[90%] Routing Phase 3 completed
Running timing analysis......
[95%] Timing analysis completed
Placement and routing completed
Bitstream generation in progress......
Bitstream generation completed
Running power analysis......
[100%] Power analysis completed
Generate file "D:\Gowin\microarchitecturesingle\impl\pnr\microarchitecturesingle.power.html" completed
Generate file "D:\Gowin\microarchitecturesingle\impl\pnr\microarchitecturesingle.pin.html" completed
Generate file "D:\Gowin\microarchitecturesingle\impl\pnr\microarchitecturesingle.rpt.html" completed
Generate file "D:\Gowin\microarchitecturesingle\impl\pnr\microarchitecturesingle.rpt.txt" completed
Generate file "D:\Gowin\microarchitecturesingle\impl\pnr\microarchitecturesingle.tr.html" completed
Tue Jun  9 22:45:40 2026

