GowinSynthesis start
Running parser ...
Analyzing Verilog file 'D:\Gowin\microarchitecturesingle\src\ALU.sv'
Analyzing Verilog file 'D:\Gowin\microarchitecturesingle\src\ALUDecoder.sv'
Analyzing Verilog file 'D:\Gowin\microarchitecturesingle\src\Adder.sv'
Analyzing Verilog file 'D:\Gowin\microarchitecturesingle\src\Controller.sv'
Analyzing Verilog file 'D:\Gowin\microarchitecturesingle\src\DataMemory.sv'
Analyzing Verilog file 'D:\Gowin\microarchitecturesingle\src\Datapath.sv'
Analyzing Verilog file 'D:\Gowin\microarchitecturesingle\src\ExtendUnit.sv'
Analyzing Verilog file 'D:\Gowin\microarchitecturesingle\src\InstructionMemory.sv'
Analyzing Verilog file 'D:\Gowin\microarchitecturesingle\src\MainDecoder.sv'
Analyzing Verilog file 'D:\Gowin\microarchitecturesingle\src\ProgramCounter.sv'
Analyzing Verilog file 'D:\Gowin\microarchitecturesingle\src\RegFile.sv'
Analyzing Verilog file 'D:\Gowin\microarchitecturesingle\src\ResettableFF.sv'
Analyzing Verilog file 'D:\Gowin\microarchitecturesingle\src\Resettableffwen.sv'
Analyzing Verilog file 'D:\Gowin\microarchitecturesingle\src\Single-CycleProcessor.sv'
Analyzing Verilog file 'D:\Gowin\microarchitecturesingle\src\Top_FPGA.sv'
Analyzing Verilog file 'D:\Gowin\microarchitecturesingle\src\multiplexer21.sv'
Analyzing Verilog file 'D:\Gowin\microarchitecturesingle\src\multiplexer31.sv'
Compiling module 'top_fpga'("D:\Gowin\microarchitecturesingle\src\Top_FPGA.sv":1)
Compiling module 'riscvsingle'("D:\Gowin\microarchitecturesingle\src\Single-CycleProcessor.sv":1)
Compiling module 'controller'("D:\Gowin\microarchitecturesingle\src\Controller.sv":1)
Compiling module 'maindec'("D:\Gowin\microarchitecturesingle\src\MainDecoder.sv":2)
Compiling module 'aludec'("D:\Gowin\microarchitecturesingle\src\ALUDecoder.sv":1)
Compiling module 'datapath'("D:\Gowin\microarchitecturesingle\src\Datapath.sv":1)
Compiling module 'flopr(WIDTH=32)'("D:\Gowin\microarchitecturesingle\src\ResettableFF.sv":1)
Compiling module 'adder'("D:\Gowin\microarchitecturesingle\src\Adder.sv":1)
Compiling module 'mux2to1(WIDTH=32)'("D:\Gowin\microarchitecturesingle\src\multiplexer21.sv":1)
Compiling module 'regfile'("D:\Gowin\microarchitecturesingle\src\RegFile.sv":1)
Extracting RAM for identifier 'rf'("D:\Gowin\microarchitecturesingle\src\RegFile.sv":8)
Compiling module 'extend'("D:\Gowin\microarchitecturesingle\src\ExtendUnit.sv":3)
Compiling module 'alu'("D:\Gowin\microarchitecturesingle\src\ALU.sv":2)
Compiling module 'mux3(WIDTH=32)'("D:\Gowin\microarchitecturesingle\src\multiplexer31.sv":1)
Compiling module 'imem'("D:\Gowin\microarchitecturesingle\src\InstructionMemory.sv":1)
Compiling module 'dmem'("D:\Gowin\microarchitecturesingle\src\DataMemory.sv":1)
Extracting RAM for identifier 'RAM'("D:\Gowin\microarchitecturesingle\src\DataMemory.sv":6)
NOTE  (EX0101) : Current top module is "top_fpga"
[5%] Running netlist conversion ...
Running device independent optimization ...
[10%] Optimizing Phase 0 completed
[15%] Optimizing Phase 1 completed
[25%] Optimizing Phase 2 completed
Running inference ...
[30%] Inferring Phase 0 completed
[40%] Inferring Phase 1 completed
[50%] Inferring Phase 2 completed
[55%] Inferring Phase 3 completed
Running technical mapping ...
[60%] Tech-Mapping Phase 0 completed
[65%] Tech-Mapping Phase 1 completed
[75%] Tech-Mapping Phase 2 completed
[80%] Tech-Mapping Phase 3 completed
[90%] Tech-Mapping Phase 4 completed
WARN  (NL0002) : The module "adder" instantiated to "pcadd4" is swept in optimizing("D:\Gowin\microarchitecturesingle\src\Datapath.sv":15)
WARN  (NL0002) : The module "mux2to1" instantiated to "srcbmux" is swept in optimizing("D:\Gowin\microarchitecturesingle\src\Datapath.sv":20)
[95%] Generate netlist file "D:\Gowin\microarchitecturesingle\impl\gwsynthesis\microarchitecturesingle.vg" completed
[100%] Generate report file "D:\Gowin\microarchitecturesingle\impl\gwsynthesis\microarchitecturesingle_syn.rpt.html" completed
GowinSynthesis finish
