Reading netlist file: "D:\Gowin\MulticycleArchitecture\impl\gwsynthesis\MulticycleArchitecture.vg"
Parsing netlist file "D:\Gowin\MulticycleArchitecture\impl\gwsynthesis\MulticycleArchitecture.vg" completed
Processing netlist completed
Reading constraint file: "D:\Gowin\MulticycleArchitecture\src\acg525.cst"
Physical Constraint parsed completed
Running placement......
[10%] Placement Phase 0 completed
[20%] Placement Phase 1 completed
[30%] Placement Phase 2 completed
[50%] Placement Phase 3 completed
Running routing......
[60%] Routing Phase 0 completed
[70%] Routing Phase 1 completed
[80%] Routing Phase 2 completed
[90%] Routing Phase 3 completed
Running timing analysis......
[95%] Timing analysis completed
Placement and routing completed
Bitstream generation in progress......
Bitstream generation completed
Running power analysis......
[100%] Power analysis completed
Generate file "D:\Gowin\MulticycleArchitecture\impl\pnr\MulticycleArchitecture.power.html" completed
Generate file "D:\Gowin\MulticycleArchitecture\impl\pnr\MulticycleArchitecture.pin.html" completed
Generate file "D:\Gowin\MulticycleArchitecture\impl\pnr\MulticycleArchitecture.rpt.html" completed
Generate file "D:\Gowin\MulticycleArchitecture\impl\pnr\MulticycleArchitecture.rpt.txt" completed
Generate file "D:\Gowin\MulticycleArchitecture\impl\pnr\MulticycleArchitecture.tr.html" completed
Mon Jun  8 21:14:25 2026

